<?xml version="1.0" encoding="UTF-8"?>
<testsuite name="com.example.springboot.CreateAcctEndPoint" tests="1" skipped="0" failures="0" errors="0" timestamp="2022-02-12T17:07:50" hostname="LENOVO-PC" time="0.697">
  <properties/>
  <testcase name="shouldReturnDefaultMessage()" classname="com.example.springboot.CreateAcctEndPoint" time="0.697"/>
  <system-out><![CDATA[01:07:44.193 [Test worker] DEBUG org.springframework.test.context.BootstrapUtils - Instantiating CacheAwareContextLoaderDelegate from class [org.springframework.test.context.cache.DefaultCacheAwareContextLoaderDelegate]
01:07:44.193 [Test worker] DEBUG org.springframework.test.context.BootstrapUtils - Instantiating BootstrapContext using constructor [public org.springframework.test.context.support.DefaultBootstrapContext(java.lang.Class,org.springframework.test.context.CacheAwareContextLoaderDelegate)]
01:07:44.204 [Test worker] DEBUG org.springframework.test.context.BootstrapUtils - Instantiating TestContextBootstrapper for test class [com.example.springboot.CreateAcctEndPoint] from class [org.springframework.boot.test.context.SpringBootTestContextBootstrapper]
01:07:44.214 [Test worker] DEBUG org.springframework.test.context.support.AbstractContextLoader - Did not detect default resource location for test class [com.example.springboot.CreateAcctEndPoint]: class path resource [com/example/springboot/CreateAcctEndPoint-context.xml] does not exist
01:07:44.215 [Test worker] DEBUG org.springframework.test.context.support.AbstractContextLoader - Did not detect default resource location for test class [com.example.springboot.CreateAcctEndPoint]: class path resource [com/example/springboot/CreateAcctEndPointContext.groovy] does not exist
01:07:44.215 [Test worker] INFO org.springframework.test.context.support.AbstractContextLoader - Could not detect default resource locations for test class [com.example.springboot.CreateAcctEndPoint]: no resource found for suffixes {-context.xml, Context.groovy}.
01:07:44.238 [Test worker] DEBUG org.springframework.test.context.support.ActiveProfilesUtils - Could not find an 'annotation declaring class' for annotation type [org.springframework.test.context.ActiveProfiles] and class [com.example.springboot.CreateAcctEndPoint]
01:07:44.435 [Test worker] DEBUG org.springframework.boot.test.context.SpringBootTestContextBootstrapper - @TestExecutionListeners is not present for class [com.example.springboot.CreateAcctEndPoint]: using defaults.
01:07:44.436 [Test worker] INFO org.springframework.boot.test.context.SpringBootTestContextBootstrapper - Loaded default TestExecutionListener class names from location [META-INF/spring.factories]: [org.springframework.boot.test.autoconfigure.restdocs.RestDocsTestExecutionListener, org.springframework.boot.test.autoconfigure.web.client.MockRestServiceServerResetTestExecutionListener, org.springframework.boot.test.autoconfigure.web.servlet.MockMvcPrintOnlyOnFailureTestExecutionListener, org.springframework.boot.test.autoconfigure.web.servlet.WebDriverTestExecutionListener, org.springframework.boot.test.autoconfigure.webservices.client.MockWebServiceServerTestExecutionListener, org.springframework.boot.test.mock.mockito.MockitoTestExecutionListener, org.springframework.boot.test.mock.mockito.ResetMocksTestExecutionListener, org.springframework.test.context.web.ServletTestExecutionListener, org.springframework.test.context.support.DirtiesContextBeforeModesTestExecutionListener, org.springframework.test.context.event.ApplicationEventsTestExecutionListener, org.springframework.test.context.support.DependencyInjectionTestExecutionListener, org.springframework.test.context.support.DirtiesContextTestExecutionListener, org.springframework.test.context.transaction.TransactionalTestExecutionListener, org.springframework.test.context.jdbc.SqlScriptsTestExecutionListener, org.springframework.test.context.event.EventPublishingTestExecutionListener]
01:07:44.438 [Test worker] INFO org.springframework.boot.test.context.SpringBootTestContextBootstrapper - Using TestExecutionListeners: [org.springframework.test.context.web.ServletTestExecutionListener@7798106b, org.springframework.test.context.support.DirtiesContextBeforeModesTestExecutionListener@30c86fa9, org.springframework.test.context.event.ApplicationEventsTestExecutionListener@5c22d9b5, org.springframework.boot.test.mock.mockito.MockitoTestExecutionListener@1565511e, org.springframework.boot.test.autoconfigure.SpringBootDependencyInjectionTestExecutionListener@22491091, org.springframework.test.context.support.DirtiesContextTestExecutionListener@510f9656, org.springframework.test.context.transaction.TransactionalTestExecutionListener@1baa02b3, org.springframework.test.context.jdbc.SqlScriptsTestExecutionListener@24f84d79, org.springframework.test.context.event.EventPublishingTestExecutionListener@4edf0cef, org.springframework.boot.test.autoconfigure.restdocs.RestDocsTestExecutionListener@634f9e44, org.springframework.boot.test.autoconfigure.web.client.MockRestServiceServerResetTestExecutionListener@28bbb704, org.springframework.boot.test.autoconfigure.web.servlet.MockMvcPrintOnlyOnFailureTestExecutionListener@4e4ea4ef, org.springframework.boot.test.autoconfigure.web.servlet.WebDriverTestExecutionListener@784061bd, org.springframework.boot.test.autoconfigure.webservices.client.MockWebServiceServerTestExecutionListener@67e27d4f, org.springframework.boot.test.mock.mockito.ResetMocksTestExecutionListener@1214f520]
01:07:44.439 [Test worker] DEBUG org.springframework.test.context.support.AbstractDirtiesContextTestExecutionListener - Before test class: context [DefaultTestContext@29464251 testClass = CreateAcctEndPoint, testInstance = [null], testMethod = [null], testException = [null], mergedContextConfiguration = [WebMergedContextConfiguration@52f0834d testClass = CreateAcctEndPoint, locations = '{}', classes = '{class com.example.springboot.Application, class com.example.springboot.configuration.BankJPAConfiguration}', contextInitializerClasses = '[]', activeProfiles = '{}', propertySourceLocations = '{}', propertySourceProperties = '{org.springframework.boot.test.context.SpringBootTestContextBootstrapper=true}', contextCustomizers = set[org.springframework.boot.test.autoconfigure.actuate.metrics.MetricsExportContextCustomizerFactory$DisableMetricExportContextCustomizer@2fc6fcef, org.springframework.boot.test.autoconfigure.properties.PropertyMappingContextCustomizer@4b3fa0b3, org.springframework.boot.test.autoconfigure.web.servlet.WebDriverContextCustomizerFactory$Customizer@312be44c, [ImportsContextCustomizer@260c9459 key = [org.springframework.boot.test.autoconfigure.web.servlet.MockMvcAutoConfiguration, org.springframework.boot.test.autoconfigure.web.servlet.MockMvcWebClientAutoConfiguration, org.springframework.boot.test.autoconfigure.web.servlet.MockMvcWebDriverAutoConfiguration, org.springframework.boot.autoconfigure.security.oauth2.client.servlet.OAuth2ClientAutoConfiguration, org.springframework.boot.autoconfigure.security.oauth2.resource.servlet.OAuth2ResourceServerAutoConfiguration, org.springframework.boot.autoconfigure.security.servlet.SecurityAutoConfiguration, org.springframework.boot.autoconfigure.security.servlet.SecurityFilterAutoConfiguration, org.springframework.boot.autoconfigure.security.servlet.UserDetailsServiceAutoConfiguration, org.springframework.boot.test.autoconfigure.web.servlet.MockMvcSecurityConfiguration, org.springframework.boot.test.autoconfigure.web.reactive.WebTestClientAutoConfiguration]], org.springframework.boot.test.context.filter.ExcludeFilterContextCustomizer@728234f3, org.springframework.boot.test.json.DuplicateJsonObjectContextCustomizerFactory$DuplicateJsonObjectContextCustomizer@790fd4f7, org.springframework.boot.test.mock.mockito.MockitoContextCustomizer@0, org.springframework.boot.test.web.client.TestRestTemplateContextCustomizer@400e2be1, org.springframework.boot.test.context.SpringBootTestArgs@1, org.springframework.boot.test.context.SpringBootTestWebEnvironment@6c0184ef], resourceBasePath = 'src/main/webapp', contextLoader = 'org.springframework.boot.test.context.SpringBootContextLoader', parent = [null]], attributes = map['org.springframework.test.context.web.ServletTestExecutionListener.activateListener' -> true]], class annotated with @DirtiesContext [false] with mode [null].

  .   ____          _            __ _ _
 /\\ / ___'_ __ _ _(_)_ __  __ _ \ \ \ \
( ( )\___ | '_ | '_| | '_ \/ _` | \ \ \ \
 \\/  ___)| |_)| | | | | || (_| |  ) ) ) )
  '  |____| .__|_| |_|_| |_\__, | / / / /
 =========|_|==============|___/=/_/_/_/
 :: Spring Boot ::                (v2.6.3)

2022-02-13 01:07:44.918  INFO 110420 --- [    Test worker] c.example.springboot.CreateAcctEndPoint  : Starting CreateAcctEndPoint using Java 1.8.0_201 on Lenovo-PC with PID 110420 (started by 421250 in C:\Users\421250\Downloads\gs-accessing-data-mysql-main\gs-accessing-data-mysql-main\complete)
2022-02-13 01:07:44.920  INFO 110420 --- [    Test worker] c.example.springboot.CreateAcctEndPoint  : No active profile set, falling back to default profiles: default
2022-02-13 01:07:45.670  INFO 110420 --- [    Test worker] .s.d.r.c.RepositoryConfigurationDelegate : Bootstrapping Spring Data JPA repositories in DEFAULT mode.
2022-02-13 01:07:45.688  INFO 110420 --- [    Test worker] .s.d.r.c.RepositoryConfigurationDelegate : Finished Spring Data repository scanning in 17 ms. Found 3 JPA repository interfaces.
2022-02-13 01:07:46.833  INFO 110420 --- [    Test worker] o.hibernate.jpa.internal.util.LogHelper  : HHH000204: Processing PersistenceUnitInfo [name: default]
2022-02-13 01:07:46.848  INFO 110420 --- [    Test worker] org.hibernate.dialect.Dialect            : HHH000400: Using dialect: org.hibernate.dialect.H2Dialect
2022-02-13 01:07:46.974  INFO 110420 --- [    Test worker] o.h.e.t.j.p.i.JtaPlatformInitiator       : HHH000490: Using JtaPlatform implementation: [org.hibernate.engine.transaction.jta.platform.internal.NoJtaPlatform]
2022-02-13 01:07:46.975  INFO 110420 --- [    Test worker] j.LocalContainerEntityManagerFactoryBean : Initialized JPA EntityManagerFactory for persistence unit 'default'
2022-02-13 01:07:47.075  INFO 110420 --- [    Test worker] org.hibernate.dialect.Dialect            : HHH000400: Using dialect: org.hibernate.dialect.H2Dialect
2022-02-13 01:07:47.101  INFO 110420 --- [    Test worker] o.h.e.t.j.p.i.JtaPlatformInitiator       : HHH000490: Using JtaPlatform implementation: [org.hibernate.engine.transaction.jta.platform.internal.NoJtaPlatform]
2022-02-13 01:07:47.925  WARN 110420 --- [    Test worker] JpaBaseConfiguration$JpaWebConfiguration : spring.jpa.open-in-view is enabled by default. Therefore, database queries may be performed during view rendering. Explicitly configure spring.jpa.open-in-view to disable this warning
2022-02-13 01:07:50.016  INFO 110420 --- [    Test worker] o.s.b.t.m.w.SpringBootMockServletContext : Initializing Spring TestDispatcherServlet ''
2022-02-13 01:07:50.016  INFO 110420 --- [    Test worker] o.s.t.web.servlet.TestDispatcherServlet  : Initializing Servlet ''
2022-02-13 01:07:50.019  INFO 110420 --- [    Test worker] o.s.t.web.servlet.TestDispatcherServlet  : Completed initialization in 3 ms
2022-02-13 01:07:50.055  INFO 110420 --- [    Test worker] c.example.springboot.CreateAcctEndPoint  : Started CreateAcctEndPoint in 5.563 seconds (JVM running for 14.92)
]]></system-out>
  <system-err><![CDATA[]]></system-err>
</testsuite>
